☈ ~/Shiva/dump-sea-and-air-ports 》cd air                                              ▢ master ＠26m 卐
☈ ~/Shiva/dump-sea-and-air-ports/air 》./getAllPorts                                   ▢ master ＠26m 卐
Getting ports for country: AF
  % Total    % Received % Xferd  Average Speed   Time    Time     Time  Current
                                 Dload  Upload   Total   Spent    Left  Speed
100 24724    0 24724    0     0  31087      0 --:--:-- --:--:-- --:--:-- 31099
Getting ports for country: DZ
  % Total    % Received % Xferd  Average Speed   Time    Time     Time  Current
                                 Dload  Upload   Total   Spent    Left  Speed
100  4902  100  4902    0     0   8957      0 --:--:-- --:--:-- --:--:--  8945
Getting ports for country: AO
  % Total    % Received % Xferd  Average Speed   Time    Time     Time  Current
                                 Dload  Upload   Total   Spent    Left  Speed
100  7253  100  7253    0     0  13124      0 --:--:-- --:--:-- --:--:-- 13115
Getting ports for country: AR
  % Total    % Received % Xferd  Average Speed   Time    Time     Time  Current
                                 Dload  Upload   Total   Spent    Left  Speed
100  4681  100  4681    0     0   8048      0 --:--:-- --:--:-- --:--:--  8056
Getting ports for country: AU
  % Total    % Received % Xferd  Average Speed   Time    Time     Time  Current
                                 Dload  Upload   Total   Spent    Left  Speed
100 60274    0 60274    0     0  64353      0 --:--:-- --:--:-- --:--:-- 64326
Getting ports for country: AZ
  % Total    % Received % Xferd  Average Speed   Time    Time     Time  Current
                                 Dload  Upload   Total   Spent    Left  Speed
100 60330    0 60330    0     0  66077      0 --:--:-- --:--:-- --:--:-- 66078
Getting ports for country: BH
  % Total    % Received % Xferd  Average Speed   Time    Time     Time  Current
                                 Dload  Upload   Total   Spent    Left  Speed
100 56926    0 56926    0     0  60290      0 --:--:-- --:--:-- --:--:-- 60239
Getting ports for country: BB
  % Total    % Received % Xferd  Average Speed   Time    Time     Time  Current
                                 Dload  Upload   Total   Spent    Left  Speed
100 65933    0 65933    0     0  75567      0 --:--:-- --:--:-- --:--:-- 75524
Getting ports for country: BE
  % Total    % Received % Xferd  Average Speed   Time    Time     Time  Current
                                 Dload  Upload   Total   Spent    Left  Speed
100 43137    0 43137    0     0  47789      0 --:--:-- --:--:-- --:--:-- 47770
Getting ports for country: BJ
  % Total    % Received % Xferd  Average Speed   Time    Time     Time  Current
                                 Dload  Upload   Total   Spent    Left  Speed
100  4882  100  4882    0     0   8965      0 --:--:-- --:--:-- --:--:--  8974
Getting ports for country: BO
  % Total    % Received % Xferd  Average Speed   Time    Time     Time  Current
                                 Dload  Upload   Total   Spent    Left  Speed
100 31318    0 31318    0     0  40301      0 --:--:-- --:--:-- --:--:-- 40254
Getting ports for country: BW
  % Total    % Received % Xferd  Average Speed   Time    Time     Time  Current
                                 Dload  Upload   Total   Spent    Left  Speed
100 68214    0 68214    0     0  76282      0 --:--:-- --:--:-- --:--:-- 76216
Getting ports for country: VG
  % Total    % Received % Xferd  Average Speed   Time    Time     Time  Current
                                 Dload  Upload   Total   Spent    Left  Speed
100 18205    0 18205    0     0  24276      0 --:--:-- --:--:-- --:--:-- 24273
Getting ports for country: BG
  % Total    % Received % Xferd  Average Speed   Time    Time     Time  Current
                                 Dload  Upload   Total   Spent    Left  Speed
100 21753    0 21753    0     0  29112      0 --:--:-- --:--:-- --:--:-- 29081
Getting ports for country: CM
  % Total    % Received % Xferd  Average Speed   Time    Time     Time  Current
                                 Dload  Upload   Total   Spent    Left  Speed
100 62261    0 62261    0     0  68888      0 --:--:-- --:--:-- --:--:-- 68872
Getting ports for country: CV
  % Total    % Received % Xferd  Average Speed   Time    Time     Time  Current
                                 Dload  Upload   Total   Spent    Left  Speed
100 11517    0 11517    0     0  15504      0 --:--:-- --:--:-- --:--:-- 15500
Getting ports for country: CL
  % Total    % Received % Xferd  Average Speed   Time    Time     Time  Current
                                 Dload  Upload   Total   Spent    Left  Speed
100 62666    0 62666    0     0  64715      0 --:--:-- --:--:-- --:--:-- 64670
Getting ports for country: CX
  % Total    % Received % Xferd  Average Speed   Time    Time     Time  Current
                                 Dload  Upload   Total   Spent    Left  Speed
100 63225    0 63225    0     0  66052      0 --:--:-- --:--:-- --:--:-- 65996
Getting ports for country: KM
  % Total    % Received % Xferd  Average Speed   Time    Time     Time  Current
                                 Dload  Upload   Total   Spent    Left  Speed
100 11915    0 11915    0     0  16859      0 --:--:-- --:--:-- --:--:-- 16876
Getting ports for country: CR
  % Total    % Received % Xferd  Average Speed   Time    Time     Time  Current
                                 Dload  Upload   Total   Spent    Left  Speed
100 59013    0 59013    0     0  60803      0 --:--:-- --:--:-- --:--:-- 60838
Getting ports for country: CU
  % Total    % Received % Xferd  Average Speed   Time    Time     Time  Current
                                 Dload  Upload   Total   Spent    Left  Speed
100  1225  100  1225    0     0   2168      0 --:--:-- --:--:-- --:--:--  2171
Getting ports for country: CY
  % Total    % Received % Xferd  Average Speed   Time    Time     Time  Current
                                 Dload  Upload   Total   Spent    Left  Speed
100 62350    0 62350    0     0  65460      0 --:--:-- --:--:-- --:--:-- 65424
Getting ports for country: CD
  % Total    % Received % Xferd  Average Speed   Time    Time     Time  Current
                                 Dload  Upload   Total   Spent    Left  Speed
100 59154    0 59154    0     0  62468      0 --:--:-- --:--:-- --:--:-- 62464
Getting ports for country: DJ
  % Total    % Received % Xferd  Average Speed   Time    Time     Time  Current
                                 Dload  Upload   Total   Spent    Left  Speed
100  2410  100  2410    0     0   4351      0 --:--:-- --:--:-- --:--:--  4350
Getting ports for country: DO
  % Total    % Received % Xferd  Average Speed   Time    Time     Time  Current
                                 Dload  Upload   Total   Spent    Left  Speed
100 63467    0 63467    0     0  66907      0 --:--:-- --:--:-- --:--:-- 66877
Getting ports for country: EG
  % Total    % Received % Xferd  Average Speed   Time    Time     Time  Current
                                 Dload  Upload   Total   Spent    Left  Speed
100 35110    0 35110    0     0  44269      0 --:--:-- --:--:-- --:--:-- 44219
Getting ports for country: GQ
  % Total    % Received % Xferd  Average Speed   Time    Time     Time  Current
                                 Dload  Upload   Total   Spent    Left  Speed
100 15674    0 15674    0     0  21872      0 --:--:-- --:--:-- --:--:-- 21891
Getting ports for country: EE
  % Total    % Received % Xferd  Average Speed   Time    Time     Time  Current
                                 Dload  Upload   Total   Spent    Left  Speed
100 59242    0 59242    0     0  63545      0 --:--:-- --:--:-- --:--:-- 63496
Getting ports for country: FK
  % Total    % Received % Xferd  Average Speed   Time    Time     Time  Current
                                 Dload  Upload   Total   Spent    Left  Speed
100 18040    0 18040    0     0  24684      0 --:--:-- --:--:-- --:--:-- 24678
Getting ports for country: FJ
  % Total    % Received % Xferd  Average Speed   Time    Time     Time  Current
                                 Dload  Upload   Total   Spent    Left  Speed
100 62689    0 62689    0     0  65671      0 --:--:-- --:--:-- --:--:-- 65642
Getting ports for country: FR
  % Total    % Received % Xferd  Average Speed   Time    Time     Time  Current
                                 Dload  Upload   Total   Spent    Left  Speed
100 26631    0 26631    0     0  35189      0 --:--:-- --:--:-- --:--:-- 35179
Getting ports for country: PF
  % Total    % Received % Xferd  Average Speed   Time    Time     Time  Current
                                 Dload  Upload   Total   Spent    Left  Speed
100 54785    0 54785    0     0  58696      0 --:--:-- --:--:-- --:--:-- 58656
Getting ports for country: GM
  % Total    % Received % Xferd  Average Speed   Time    Time     Time  Current
                                 Dload  Upload   Total   Spent    Left  Speed
100 58532    0 58532    0     0  59972      0 --:--:-- --:--:-- --:--:-- 59971
Getting ports for country: DE
  % Total    % Received % Xferd  Average Speed   Time    Time     Time  Current
                                 Dload  Upload   Total   Spent    Left  Speed
100 20860    0 20860    0     0  27978      0 --:--:-- --:--:-- --:--:-- 27962
Getting ports for country: GI
  % Total    % Received % Xferd  Average Speed   Time    Time     Time  Current
                                 Dload  Upload   Total   Spent    Left  Speed
100 69573    0 69573    0     0  72212      0 --:--:-- --:--:-- --:--:-- 72171
Getting ports for country: GL
  % Total    % Received % Xferd  Average Speed   Time    Time     Time  Current
                                 Dload  Upload   Total   Spent    Left  Speed
100  3754  100  3754    0     0   6805      0 --:--:-- --:--:-- --:--:--  6813
Getting ports for country: GP
  % Total    % Received % Xferd  Average Speed   Time    Time     Time  Current
                                 Dload  Upload   Total   Spent    Left  Speed
100  8245    0  8245    0     0  15108      0 --:--:-- --:--:-- --:--:-- 15100
Getting ports for country: GT
  % Total    % Received % Xferd  Average Speed   Time    Time     Time  Current
                                 Dload  Upload   Total   Spent    Left  Speed
100 20311    0 20311    0     0  28865      0 --:--:-- --:--:-- --:--:-- 28850
Getting ports for country: GW
  % Total    % Received % Xferd  Average Speed   Time    Time     Time  Current
                                 Dload  Upload   Total   Spent    Left  Speed
100 59535    0 59535    0     0  67017      0 --:--:-- --:--:-- --:--:-- 67043
Getting ports for country: HT
  % Total    % Received % Xferd  Average Speed   Time    Time     Time  Current
                                 Dload  Upload   Total   Spent    Left  Speed
100 60400    0 60400    0     0  63987      0 --:--:-- --:--:-- --:--:-- 64050
Getting ports for country: HK
  % Total    % Received % Xferd  Average Speed   Time    Time     Time  Current
                                 Dload  Upload   Total   Spent    Left  Speed
100 62588    0 62588    0     0  67115      0 --:--:-- --:--:-- --:--:-- 67082
Getting ports for country: IS
  % Total    % Received % Xferd  Average Speed   Time    Time     Time  Current
                                 Dload  Upload   Total   Spent    Left  Speed
100 61793    0 61793    0     0  66100      0 --:--:-- --:--:-- --:--:-- 66088
Getting ports for country: ID
  % Total    % Received % Xferd  Average Speed   Time    Time     Time  Current
                                 Dload  Upload   Total   Spent    Left  Speed
100 64014    0 64014    0     0  63829      0 --:--:--  0:00:01 --:--:-- 63886
Getting ports for country: IQ
  % Total    % Received % Xferd  Average Speed   Time    Time     Time  Current
                                 Dload  Upload   Total   Spent    Left  Speed
100 57625    0 57625    0     0  59741      0 --:--:-- --:--:-- --:--:-- 59776
Getting ports for country: IM
  % Total    % Received % Xferd  Average Speed   Time    Time     Time  Current
                                 Dload  Upload   Total   Spent    Left  Speed
100 62285    0 62285    0     0  65076      0 --:--:-- --:--:-- --:--:-- 65083
Getting ports for country: IT
  % Total    % Received % Xferd  Average Speed   Time    Time     Time  Current
                                 Dload  Upload   Total   Spent    Left  Speed
100 37069    0 37069    0     0  50321      0 --:--:-- --:--:-- --:--:-- 50365
Getting ports for country: JM
  % Total    % Received % Xferd  Average Speed   Time    Time     Time  Current
                                 Dload  Upload   Total   Spent    Left  Speed
100 60143    0 60143    0     0  61006      0 --:--:-- --:--:-- --:--:-- 60996
Getting ports for country: JO
  % Total    % Received % Xferd  Average Speed   Time    Time     Time  Current
                                 Dload  Upload   Total   Spent    Left  Speed
100 63499    0 63499    0     0  67353      0 --:--:-- --:--:-- --:--:-- 67337
Getting ports for country: KE
  % Total    % Received % Xferd  Average Speed   Time    Time     Time  Current
                                 Dload  Upload   Total   Spent    Left  Speed
100 27520    0 27520    0     0  34588      0 --:--:-- --:--:-- --:--:-- 34572
Getting ports for country: KW
  % Total    % Received % Xferd  Average Speed   Time    Time     Time  Current
                                 Dload  Upload   Total   Spent    Left  Speed
100 57812    0 57812    0     0  57232      0 --:--:--  0:00:01 --:--:-- 57239
Getting ports for country: LV
  % Total    % Received % Xferd  Average Speed   Time    Time     Time  Current
                                 Dload  Upload   Total   Spent    Left  Speed
100 47903    0 47903    0     0  51552      0 --:--:-- --:--:-- --:--:-- 51508
Getting ports for country: LR
  % Total    % Received % Xferd  Average Speed   Time    Time     Time  Current
                                 Dload  Upload   Total   Spent    Left  Speed
100 61950    0 61950    0     0  64756      0 --:--:-- --:--:-- --:--:-- 64733
Getting ports for country: LT
  % Total    % Received % Xferd  Average Speed   Time    Time     Time  Current
                                 Dload  Upload   Total   Spent    Left  Speed
100  5891  100  5891    0     0  10338      0 --:--:-- --:--:-- --:--:-- 10335
Getting ports for country: MK
  % Total    % Received % Xferd  Average Speed   Time    Time     Time  Current
                                 Dload  Upload   Total   Spent    Left  Speed
100 58200    0 58200    0     0  62359      0 --:--:-- --:--:-- --:--:-- 62312
Getting ports for country: MW
  % Total    % Received % Xferd  Average Speed   Time    Time     Time  Current
                                 Dload  Upload   Total   Spent    Left  Speed
100 59844    0 59844    0     0  60637      0 --:--:-- --:--:-- --:--:-- 60632
Getting ports for country: MV
  % Total    % Received % Xferd  Average Speed   Time    Time     Time  Current
                                 Dload  Upload   Total   Spent    Left  Speed
100 43599    0 43599    0     0  44861      0 --:--:-- --:--:-- --:--:-- 44854
Getting ports for country: MT
  % Total    % Received % Xferd  Average Speed   Time    Time     Time  Current
                                 Dload  Upload   Total   Spent    Left  Speed
100 42888    0 42888    0     0  46279      0 --:--:-- --:--:-- --:--:-- 46265
Getting ports for country: MQ
  % Total    % Received % Xferd  Average Speed   Time    Time     Time  Current
                                 Dload  Upload   Total   Spent    Left  Speed
100 42314    0 42314    0     0  45802      0 --:--:-- --:--:-- --:--:-- 45794
Getting ports for country: MU
  % Total    % Received % Xferd  Average Speed   Time    Time     Time  Current
                                 Dload  Upload   Total   Spent    Left  Speed
100  1221  100  1221    0     0   2098      0 --:--:-- --:--:-- --:--:--  2101
Getting ports for country: MX
  % Total    % Received % Xferd  Average Speed   Time    Time     Time  Current
                                 Dload  Upload   Total   Spent    Left  Speed
100  8437    0  8437    0     0  15338      0 --:--:-- --:--:-- --:--:-- 15340
Getting ports for country: MD
  % Total    % Received % Xferd  Average Speed   Time    Time     Time  Current
                                 Dload  Upload   Total   Spent    Left  Speed
100  3800  100  3800    0     0   6490      0 --:--:-- --:--:-- --:--:--  6484
Getting ports for country: ME
  % Total    % Received % Xferd  Average Speed   Time    Time     Time  Current
                                 Dload  Upload   Total   Spent    Left  Speed
100  2488  100  2488    0     0   4343      0 --:--:-- --:--:-- --:--:--  4349
Getting ports for country: MA
  % Total    % Received % Xferd  Average Speed   Time    Time     Time  Current
                                 Dload  Upload   Total   Spent    Left  Speed
100 58098    0 58098    0     0  62680      0 --:--:-- --:--:-- --:--:-- 62673
Getting ports for country: MM
  % Total    % Received % Xferd  Average Speed   Time    Time     Time  Current
                                 Dload  Upload   Total   Spent    Left  Speed
100 57081    0 57081    0     0  60561      0 --:--:-- --:--:-- --:--:-- 60531
Getting ports for country: NR
  % Total    % Received % Xferd  Average Speed   Time    Time     Time  Current
                                 Dload  Upload   Total   Spent    Left  Speed
100 62099    0 62099    0     0  66771      0 --:--:-- --:--:-- --:--:-- 66773
Getting ports for country: AN
  % Total    % Received % Xferd  Average Speed   Time    Time     Time  Current
                                 Dload  Upload   Total   Spent    Left  Speed
100 31429    0 31429    0     0  41978      0 --:--:-- --:--:-- --:--:-- 41961
Getting ports for country: NZ
  % Total    % Received % Xferd  Average Speed   Time    Time     Time  Current
                                 Dload  Upload   Total   Spent    Left  Speed
100 52737    0 52737    0     0  58636      0 --:--:-- --:--:-- --:--:-- 58596
Getting ports for country: NG
  % Total    % Received % Xferd  Average Speed   Time    Time     Time  Current
                                 Dload  Upload   Total   Spent    Left  Speed
100  1227  100  1227    0     0   2183      0 --:--:-- --:--:-- --:--:--  2187
Getting ports for country: NF
  % Total    % Received % Xferd  Average Speed   Time    Time     Time  Current
                                 Dload  Upload   Total   Spent    Left  Speed
100 14655    0 14655    0     0  20794      0 --:--:-- --:--:-- --:--:-- 20787
Getting ports for country: KP
  % Total    % Received % Xferd  Average Speed   Time    Time     Time  Current
                                 Dload  Upload   Total   Spent    Left  Speed
100 61736    0 61736    0     0  65762      0 --:--:-- --:--:-- --:--:-- 65746
Getting ports for country: OM
  % Total    % Received % Xferd  Average Speed   Time    Time     Time  Current
                                 Dload  Upload   Total   Spent    Left  Speed
100 62805    0 62805    0     0  59956      0 --:--:--  0:00:01 --:--:-- 59985
Getting ports for country: PA
  % Total    % Received % Xferd  Average Speed   Time    Time     Time  Current
                                 Dload  Upload   Total   Spent    Left  Speed
100 60629    0 60629    0     0  62194      0 --:--:-- --:--:-- --:--:-- 62183
Getting ports for country: PY
  % Total    % Received % Xferd  Average Speed   Time    Time     Time  Current
                                 Dload  Upload   Total   Spent    Left  Speed
100 62834    0 62834    0     0  65104      0 --:--:-- --:--:-- --:--:-- 65045
Getting ports for country: PH
  % Total    % Received % Xferd  Average Speed   Time    Time     Time  Current
                                 Dload  Upload   Total   Spent    Left  Speed
100 61446    0 61446    0     0  65599      0 --:--:-- --:--:-- --:--:-- 65577
Getting ports for country: PT
  % Total    % Received % Xferd  Average Speed   Time    Time     Time  Current
                                 Dload  Upload   Total   Spent    Left  Speed
100 59378    0 59378    0     0  66504      0 --:--:-- --:--:-- --:--:-- 66492
Getting ports for country: QA
  % Total    % Received % Xferd  Average Speed   Time    Time     Time  Current
                                 Dload  Upload   Total   Spent    Left  Speed
100 59232    0 59232    0     0  60279      0 --:--:-- --:--:-- --:--:-- 60256
Getting ports for country: RE
  % Total    % Received % Xferd  Average Speed   Time    Time     Time  Current
                                 Dload  Upload   Total   Spent    Left  Speed
100 61459    0 61459    0     0  57249      0 --:--:--  0:00:01 --:--:-- 57277
Getting ports for country: RU
  % Total    % Received % Xferd  Average Speed   Time    Time     Time  Current
                                 Dload  Upload   Total   Spent    Left  Speed
100  1317  100  1317    0     0   2297      0 --:--:-- --:--:-- --:--:--  2294
Getting ports for country: SH
  % Total    % Received % Xferd  Average Speed   Time    Time     Time  Current
                                 Dload  Upload   Total   Spent    Left  Speed
100  3758  100  3758    0     0   6511      0 --:--:-- --:--:-- --:--:--  6501
Getting ports for country: LC
  % Total    % Received % Xferd  Average Speed   Time    Time     Time  Current
                                 Dload  Upload   Total   Spent    Left  Speed
100  2484  100  2484    0     0   4241      0 --:--:-- --:--:-- --:--:--  4246
Getting ports for country: VC
  % Total    % Received % Xferd  Average Speed   Time    Time     Time  Current
                                 Dload  Upload   Total   Spent    Left  Speed
100  5912  100  5912    0     0  10405      0 --:--:-- --:--:-- --:--:-- 10390
Getting ports for country: ST
  % Total    % Received % Xferd  Average Speed   Time    Time     Time  Current
                                 Dload  Upload   Total   Spent    Left  Speed
100 73498    0 73498    0     0  77809      0 --:--:-- --:--:-- --:--:-- 77775
Getting ports for country: SN
  % Total    % Received % Xferd  Average Speed   Time    Time     Time  Current
                                 Dload  Upload   Total   Spent    Left  Speed
100 59475    0 59475    0     0  64615      0 --:--:-- --:--:-- --:--:-- 64576
Getting ports for country: SC
  % Total    % Received % Xferd  Average Speed   Time    Time     Time  Current
                                 Dload  Upload   Total   Spent    Left  Speed
100 14073    0 14073    0     0  19716      0 --:--:-- --:--:-- --:--:-- 19737
Getting ports for country: SG
  % Total    % Received % Xferd  Average Speed   Time    Time     Time  Current
                                 Dload  Upload   Total   Spent    Left  Speed
100  1308  100  1308    0     0   1897      0 --:--:-- --:--:-- --:--:--  1898
Getting ports for country: SK
  % Total    % Received % Xferd  Average Speed   Time    Time     Time  Current
                                 Dload  Upload   Total   Spent    Left  Speed
100 54847    0 54847    0     0  59689      0 --:--:-- --:--:-- --:--:-- 59681
Getting ports for country: SB
  % Total    % Received % Xferd  Average Speed   Time    Time     Time  Current
                                 Dload  Upload   Total   Spent    Left  Speed
100 49006    0 49006    0     0  54403      0 --:--:-- --:--:-- --:--:-- 54390
Getting ports for country: S0
  % Total    % Received % Xferd  Average Speed   Time    Time     Time  Current
                                 Dload  Upload   Total   Spent    Left  Speed
100 62983    0 62983    0     0  67930      0 --:--:-- --:--:-- --:--:-- 67869
Getting ports for country: GS
  % Total    % Received % Xferd  Average Speed   Time    Time     Time  Current
                                 Dload  Upload   Total   Spent    Left  Speed
100 62370    0 62370    0     0  62575      0 --:--:-- --:--:-- --:--:-- 62557
Getting ports for country: ES
  % Total    % Received % Xferd  Average Speed   Time    Time     Time  Current
                                 Dload  Upload   Total   Spent    Left  Speed
100 44080    0 44080    0     0  47288      0 --:--:-- --:--:-- --:--:-- 47245
Getting ports for country: SD
  % Total    % Received % Xferd  Average Speed   Time    Time     Time  Current
                                 Dload  Upload   Total   Spent    Left  Speed
100 58977    0 58977    0     0  63840      0 --:--:-- --:--:-- --:--:-- 63827
Getting ports for country: SE
  % Total    % Received % Xferd  Average Speed   Time    Time     Time  Current
                                 Dload  Upload   Total   Spent    Left  Speed
100 63012    0 63012    0     0  66794      0 --:--:-- --:--:-- --:--:-- 66750
Getting ports for country: SY
  % Total    % Received % Xferd  Average Speed   Time    Time     Time  Current
                                 Dload  Upload   Total   Spent    Left  Speed
100 59102    0 59102    0     0  64654      0 --:--:-- --:--:-- --:--:-- 64592
Getting ports for country: TJ
  % Total    % Received % Xferd  Average Speed   Time    Time     Time  Current
                                 Dload  Upload   Total   Spent    Left  Speed
100 57778    0 57778    0     0  58921      0 --:--:-- --:--:-- --:--:-- 58897
Getting ports for country: TH
  % Total    % Received % Xferd  Average Speed   Time    Time     Time  Current
                                 Dload  Upload   Total   Spent    Left  Speed
100  8231    0  8231    0     0  14971      0 --:--:-- --:--:-- --:--:-- 14965
Getting ports for country: TO
  % Total    % Received % Xferd  Average Speed   Time    Time     Time  Current
                                 Dload  Upload   Total   Spent    Left  Speed
100  3862  100  3862    0     0   6793      0 --:--:-- --:--:-- --:--:--  6799
Getting ports for country: TN
  % Total    % Received % Xferd  Average Speed   Time    Time     Time  Current
                                 Dload  Upload   Total   Spent    Left  Speed
100 61055    0 61055    0     0  62367      0 --:--:-- --:--:-- --:--:-- 62364
Getting ports for country: TM
  % Total    % Received % Xferd  Average Speed   Time    Time     Time  Current
                                 Dload  Upload   Total   Spent    Left  Speed
100 11125    0 11125    0     0  14664      0 --:--:-- --:--:-- --:--:-- 14657
Getting ports for country: TV
  % Total    % Received % Xferd  Average Speed   Time    Time     Time  Current
                                 Dload  Upload   Total   Spent    Left  Speed
100 72055    0 72055    0     0  82782      0 --:--:-- --:--:-- --:--:-- 82726
Getting ports for country: AE
  % Total    % Received % Xferd  Average Speed   Time    Time     Time  Current
                                 Dload  Upload   Total   Spent    Left  Speed
100 62233    0 62233    0     0  65035      0 --:--:-- --:--:-- --:--:-- 65029
Getting ports for country: US
  % Total    % Received % Xferd  Average Speed   Time    Time     Time  Current
                                 Dload  Upload   Total   Spent    Left  Speed
100 11466    0 11466    0     0  15455      0 --:--:-- --:--:-- --:--:-- 15452
Getting ports for country: UY
  % Total    % Received % Xferd  Average Speed   Time    Time     Time  Current
                                 Dload  Upload   Total   Spent    Left  Speed
100 13501    0 13501    0     0  17732      0 --:--:-- --:--:-- --:--:-- 17717
Getting ports for country: UZ
  % Total    % Received % Xferd  Average Speed   Time    Time     Time  Current
                                 Dload  Upload   Total   Spent    Left  Speed
100 42088    0 42088    0     0  45414      0 --:--:-- --:--:-- --:--:-- 45402
Getting ports for country: VE
  % Total    % Received % Xferd  Average Speed   Time    Time     Time  Current
                                 Dload  Upload   Total   Spent    Left  Speed
100 60983    0 60983    0     0  66049      0 --:--:-- --:--:-- --:--:-- 66070
Getting ports for country: YE
  % Total    % Received % Xferd  Average Speed   Time    Time     Time  Current
                                 Dload  Upload   Total   Spent    Left  Speed
100 57547    0 57547    0     0  61653      0 --:--:-- --:--:-- --:--:-- 61679
Getting ports for country: ZW
  % Total    % Received % Xferd  Average Speed   Time    Time     Time  Current
                                 Dload  Upload   Total   Spent    Left  Speed
100 66119    0 66119    0     0  68358      0 --:--:-- --:--:-- --:--:-- 68304
Completed fetching ports for all countries
☈ ~/Shiva/dump-sea-and-air-ports/air 》                                                ▢ master ＠29m 卐